<?xml version="1.0" encoding="UTF-8"?>
<testsuite name="SimpleBankSystemTest" tests="1" skipped="0" failures="0" errors="0" timestamp="2021-10-07T07:17:39" hostname="NB0588" time="0.582">
  <properties/>
  <testcase name="start" classname="SimpleBankSystemTest" time="0.582"/>
  <system-out><![CDATA[?[1;31m
Start test 1?[0m
1. Create an account
2. Log into account
0. Exit
> 0
Bye!
?[1;31m
Start test 2?[0m
1. Create an account
2. Log into account
0. Exit
> 0
Bye!
?[1;31m
Start test 3?[0m
1. Create an account
2. Log into account
0. Exit
> 0
Bye!
?[1;31m
Start test 4?[0m
1. Create an account
2. Log into account
0. Exit
> 0
Bye!
?[1;31m
Start test 5?[0m
1. Create an account
2. Log into account
0. Exit
> 1
4000001388358947
8840

1. Create an account
2. Log into account
0. Exit
> 1
4000008612993225
6411

1. Create an account
2. Log into account
0. Exit
> 1
4000007869164894
9020

1. Create an account
2. Log into account
0. Exit
> 1
4000009261686664
8614

1. Create an account
2. Log into account
0. Exit
> 1
4000006228680285
5486

1. Create an account
2. Log into account
0. Exit
> 0
Bye!
4000001388358947
4000008612993225
4000007869164894
4000009261686664
4000006228680285
?[1;31m
Start test 6?[0m
1. Create an account
2. Log into account
0. Exit
> 1
4000001909606295
0048

1. Create an account
2. Log into account
0. Exit
> 2
Your card number:
> 4000001909606295
Your card PIN:
> 0048
You have successfully logged in!

1. Balance
2. Add income
3. Do transfer
4. Close account
5. Log out
0. Exit
> 0
Bye!
?[1;31m
Start test 7?[0m
1. Create an account
2. Log into account
0. Exit
> 1
4000002485714800
6967

1. Create an account
2. Log into account
0. Exit
> 2
Your card number:
> 4000002485714800
Your card PIN:
> 3024
Wrong card number or PIN!
1. Create an account
2. Log into account
0. Exit
> 0
Bye!
?[1;31m
Start test 8?[0m
1. Create an account
2. Log into account
0. Exit
> 1
4000008960456429
8415

1. Create an account
2. Log into account
0. Exit
> 2
Your card number:
> 400000173773982
Your card PIN:
> 8415
Wrong card number or PIN!
1. Create an account
2. Log into account
0. Exit
> 0
Bye!
?[1;31m
Start test 9?[0m
1. Create an account
2. Log into account
0. Exit
> 1
4000001044926830
1686

1. Create an account
2. Log into account
0. Exit
> 2
Your card number:
> 4000001044926830
Your card PIN:
> 1686
You have successfully logged in!

1. Balance
2. Add income
3. Do transfer
4. Close account
5. Log out
0. Exit
> 1
Balance: 0

1. Balance
2. Add income
3. Do transfer
4. Close account
5. Log out
0. Exit
> 0
Bye!
?[1;31m
Start test 10?[0m
1. Create an account
2. Log into account
0. Exit
> 1
4000001414431718
3180

1. Create an account
2. Log into account
0. Exit
> 2
Your card number:
> 4000001414431718
Your card PIN:
> 3180
You have successfully logged in!

1. Balance
2. Add income
3. Do transfer
4. Close account
5. Log out
0. Exit
> 2
Enter income:
> 10000
Income was added!

1. Balance
2. Add income
3. Do transfer
4. Close account
5. Log out
0. Exit
> 0
Bye!
1. Create an account
2. Log into account
0. Exit
> 2
Your card number:
> 4000001414431718
Your card PIN:
> 3180
You have successfully logged in!

1. Balance
2. Add income
3. Do transfer
4. Close account
5. Log out
0. Exit
> 2
Enter income:
> 15000
Income was added!

1. Balance
2. Add income
3. Do transfer
4. Close account
5. Log out
0. Exit
> 0
Bye!
?[1;31m
Start test 11?[0m
1. Create an account
2. Log into account
0. Exit
> 1
4000002109238939
9919

1. Create an account
2. Log into account
0. Exit
> 1
4000002831173321
6724

1. Create an account
2. Log into account
0. Exit
> 2
Your card number:
> 4000002831173321
Your card PIN:
> 6724
You have successfully logged in!

1. Balance
2. Add income
3. Do transfer
4. Close account
5. Log out
0. Exit
> 3
Enter card number:
> 2000007269641764
Probably you made a mistake in the card number. Please try again!
Such a card does not exist.

1. Balance
2. Add income
3. Do transfer
4. Close account
5. Log out
0. Exit
> 3
Enter card number:
> 2000007269641768
Such a card does not exist.

1. Balance
2. Add income
3. Do transfer
4. Close account
5. Log out
0. Exit
> 3
Enter card number:
> 4000002109238939
Enter how much money you want to transfer:
> 100000
Not enough money!

1. Balance
2. Add income
3. Do transfer
4. Close account
5. Log out
0. Exit
> 2
Enter income:
> 20000
Income was added!

1. Balance
2. Add income
3. Do transfer
4. Close account
5. Log out
0. Exit
> 3
Enter card number:
> 4000002109238939
Enter how much money you want to transfer:
> 10000
Succeed!

1. Balance
2. Add income
3. Do transfer
4. Close account
5. Log out
0. Exit
> 0
Bye!
?[1;31m
Start test 12?[0m
1. Create an account
2. Log into account
0. Exit
> 1
4000004628433090
8236

1. Create an account
2. Log into account
0. Exit
> 2
Your card number:
> 4000004628433090
Your card PIN:
> 8236
You have successfully logged in!

1. Balance
2. Add income
3. Do transfer
4. Close account
5. Log out
0. Exit
> 4
The account has been closed!

1. Create an account
2. Log into account
0. Exit
> 0
Bye!
]]></system-out>
  <system-err><![CDATA[]]></system-err>
</testsuite>
